1		0000		3001			MOV A, #1H
2		0002		90			ASR A
3		0003		3086			MOV A, #86H
4		0005		90			ASR A
5		0006		39F1			MOV R1, #F1H
6		0008		3AF2			MOV R2, #F2H
7		000A		80			RSP
8		000B		A1			PUSH R1
9		000C		A2			PUSH R2
10		000D		3901			MOV R1, #1H
11		000F		3A02			MOV R2, #2H
12		0011		A9			POP R1
13		0012		AA			POP R2
14		0013		300F			MOV A, #FH
15		0015		3F01			MOV R7, #1H
16		0017		1F			MOV @R7, A
17		0018		987E01		CLR 7E01H
18		001B		17			MOV A, @R7
19		001C		3005			MOV A, #5H
20		001E		3D05			MOV R5, #5H
21		0020		2D			SUB A, R5
22		0021		B00026		JZ L3
23		0024		3011			MOV A, #11H
24		0026		        		L3:
25		0026		30FF			MOV A, #FFH
26		0028		3900			MOV R1, #0H
27		002A		B9			ADC A, R1
